syscop@syscop:~/akash/CrazySimGT/ros2_ws$ ros2 node list
/cf_1
/crazyflie_server
/joy_node
/motion_capture_tracking
/teleop

ros2 topic list
/all/mpc_hover
/all/mpc_land
/all/mpc_takeoff
/all/mpc_trajectory
/cf6/cmd_full_state
/cf6/cmd_vel_legacy
/cf_1/cmd_attitude_setpoint
/cf_1/cmd_hover
/cf_1/cmd_vel_legacy
/cf_1/mpc_solution_path
/cf_1/pose
/cf_1/velocity
/joy
/joy/set_feedback
/parameter_events
/poses
/rosout
/tf

ros2 param list
/cf_1:
  use_sim_time
/crazyflie_server:
  all.broadcasts.delay_between_repeats_ms
  all.broadcasts.num_repeats
  all.firmware_params.commander.enHighLevel
  all.firmware_params.locSrv.extPosStdDev
  all.firmware_params.locSrv.extQuatStdDev
  all.firmware_params.stabilizer.controller
  all.firmware_params.stabilizer.estimator
  all.params.commander.enHighLevel
  all.params.cppm.angPitch
  all.params.cppm.angRoll
  all.params.cppm.ratePitch
  all.params.cppm.rateRoll
  all.params.cppm.rateYaw
  all.params.crtpsrv.echoDelay
  all.params.ctrlAtt.coll_fairness
  all.params.ctrlAtt.mixing_factor
  all.params.ctrlAtt.tau_rp
  all.params.ctrlAtt.tau_xy
  all.params.ctrlAtt.tau_z
  all.params.ctrlAtt.zeta_xy
  all.params.ctrlAtt.zeta_z
  all.params.ctrlINDI.act_dyn_p
  all.params.ctrlINDI.act_dyn_q
  all.params.ctrlINDI.act_dyn_r
  all.params.ctrlINDI.bound_ctrl_input
  all.params.ctrlINDI.filt_cutoff
  all.params.ctrlINDI.filt_cutoff_r
  all.params.ctrlINDI.g1_p
  all.params.ctrlINDI.g1_q
  all.params.ctrlINDI.g1_r
  all.params.ctrlINDI.g2
  all.params.ctrlINDI.outerLoopActive
  all.params.ctrlINDI.ref_err_p
  all.params.ctrlINDI.ref_err_q
  all.params.ctrlINDI.ref_err_r
  all.params.ctrlINDI.ref_rate_p
  all.params.ctrlINDI.ref_rate_q
  all.params.ctrlINDI.ref_rate_r
  all.params.ctrlINDI.thrust_threshold
  all.params.ctrlMel.i_range_m_xy
  all.params.ctrlMel.i_range_m_z
  all.params.ctrlMel.i_range_xy
  all.params.ctrlMel.i_range_z
  all.params.ctrlMel.kR_xy
  all.params.ctrlMel.kR_z
  all.params.ctrlMel.kd_omega_rp
  all.params.ctrlMel.kd_xy
  all.params.ctrlMel.kd_z
  all.params.ctrlMel.ki_m_xy
  all.params.ctrlMel.ki_m_z
  all.params.ctrlMel.ki_xy
  all.params.ctrlMel.ki_z
  all.params.ctrlMel.kp_xy
  all.params.ctrlMel.kp_z
  all.params.ctrlMel.kw_xy
  all.params.ctrlMel.kw_z
  all.params.ctrlMel.mass
  all.params.ctrlMel.massThrust
  all.params.firmware.modified
  all.params.firmware.revision0
  all.params.firmware.revision1
  all.params.flightmode.althold
  all.params.flightmode.posSet
  all.params.flightmode.poshold
  all.params.flightmode.stabModePitch
  all.params.flightmode.stabModeRoll
  all.params.flightmode.stabModeYaw
  all.params.flightmode.yawMode
  all.params.hlCommander.groupmask
  all.params.hlCommander.vland
  all.params.hlCommander.vtoff
  all.params.imu_sensors.HMC5883L_SIM
  all.params.imu_sensors.MS5611_SIM
  all.params.imu_tests.HMC5883L_SIM
  all.params.imu_tests.MPU6500_SIM
  all.params.imu_tests.MS5611_SIM
  all.params.kalman.initialX
  all.params.kalman.initialY
  all.params.kalman.initialYaw
  all.params.kalman.initialZ
  all.params.kalman.mNBaro
  all.params.kalman.mNGyro_rollpitch
  all.params.kalman.mNGyro_yaw
  all.params.kalman.maxPos
  all.params.kalman.maxVel
  all.params.kalman.pNAcc_xy
  all.params.kalman.pNAcc_z
  all.params.kalman.pNAtt
  all.params.kalman.pNPos
  all.params.kalman.pNVel
  all.params.kalman.resetEstimation
  all.params.kalman.robustTdoa
  all.params.kalman.robustTwr
  all.params.locSrv.enLhAngleStream
  all.params.locSrv.enRangeStreamFP32
  all.params.locSrv.extPosStdDev
  all.params.locSrv.extQuatStdDev
  all.params.memTst.resetW
  all.params.pid_attitude.attFiltCut
  all.params.pid_attitude.attFiltEn
  all.params.pid_attitude.pitch_kd
  all.params.pid_attitude.pitch_kff
  all.params.pid_attitude.pitch_ki
  all.params.pid_attitude.pitch_kp
  all.params.pid_attitude.roll_kd
  all.params.pid_attitude.roll_kff
  all.params.pid_attitude.roll_ki
  all.params.pid_attitude.roll_kp
  all.params.pid_attitude.yawMaxDelta
  all.params.pid_attitude.yaw_kd
  all.params.pid_attitude.yaw_kff
  all.params.pid_attitude.yaw_ki
  all.params.pid_attitude.yaw_kp
  all.params.pid_rate.omxFiltCut
  all.params.pid_rate.omyFiltCut
  all.params.pid_rate.omzFiltCut
  all.params.pid_rate.pitch_kd
  all.params.pid_rate.pitch_kff
  all.params.pid_rate.pitch_ki
  all.params.pid_rate.pitch_kp
  all.params.pid_rate.rateFiltEn
  all.params.pid_rate.roll_kd
  all.params.pid_rate.roll_kff
  all.params.pid_rate.roll_ki
  all.params.pid_rate.roll_kp
  all.params.pid_rate.yaw_kd
  all.params.pid_rate.yaw_kff
  all.params.pid_rate.yaw_ki
  all.params.pid_rate.yaw_kp
  all.params.posCtlPid.pLimit
  all.params.posCtlPid.rLimit
  all.params.posCtlPid.thrustBase
  all.params.posCtlPid.thrustMin
  all.params.posCtlPid.xKd
  all.params.posCtlPid.xKff
  all.params.posCtlPid.xKi
  all.params.posCtlPid.xKp
  all.params.posCtlPid.xVelMax
  all.params.posCtlPid.yKd
  all.params.posCtlPid.yKff
  all.params.posCtlPid.yKi
  all.params.posCtlPid.yKp
  all.params.posCtlPid.yVelMax
  all.params.posCtlPid.zKd
  all.params.posCtlPid.zKff
  all.params.posCtlPid.zKi
  all.params.posCtlPid.zKp
  all.params.posCtlPid.zVelMax
  all.params.posCtrlIndi.K_dxi_x
  all.params.posCtrlIndi.K_dxi_y
  all.params.posCtrlIndi.K_dxi_z
  all.params.posCtrlIndi.K_xi_x
  all.params.posCtrlIndi.K_xi_y
  all.params.posCtrlIndi.K_xi_z
  all.params.posCtrlIndi.pq_clamping
  all.params.posEstAlt.estAlphaAsl
  all.params.posEstAlt.estAlphaZr
  all.params.posEstAlt.vAccDeadband
  all.params.posEstAlt.velFactor
  all.params.posEstAlt.velZAlpha
  all.params.powerDist.idleThrust
  all.params.quadSysId.armLength
  all.params.quadSysId.pwmToThrustA
  all.params.quadSysId.pwmToThrustB
  all.params.quadSysId.thrustToTorque
  all.params.sensfusion6.baseZacc
  all.params.sensfusion6.ki
  all.params.sensfusion6.kp
  all.params.stabilizer.controller
  all.params.stabilizer.estimator
  all.params.stabilizer.stop
  all.params.supervisor.infdmp
  all.params.supervisor.landedTimeout
  all.params.system.arm
  all.params.system.assertInfo
  all.params.system.doAssert
  all.params.system.selftestPassed
  all.params.system.storageReformat
  all.params.system.storageStats
  all.params.system.taskDump
  all.params.system.testLogParam
  all.params.ukf.baroNoise
  all.params.ukf.procNoiseA_h
  all.params.ukf.procNoiseA_z
  all.params.ukf.procNoiseRate_h
  all.params.ukf.procNoiseRate_z
  all.params.ukf.procNoiseVel_h
  all.params.ukf.procNoiseVel_z
  all.params.ukf.qualityGateBaro
  all.params.ukf.qualityGateFlow
  all.params.ukf.qualityGateSweep
  all.params.ukf.qualityGateTdoa
  all.params.ukf.qualityGateTof
  all.params.ukf.resetEstimation
  all.params.ukf.sigmaInitAtt
  all.params.ukf.sigmaInitPos_xy
  all.params.ukf.sigmaInitPos_z
  all.params.ukf.sigmaInitVel
  all.params.ukf.ukfw0
  all.params.ukf.useNavFilter
  all.params.velCtlPid.vxKFF
  all.params.velCtlPid.vxKd
  all.params.velCtlPid.vxKi
  all.params.velCtlPid.vxKp
  all.params.velCtlPid.vyKFF
  all.params.velCtlPid.vyKd
  all.params.velCtlPid.vyKi
  all.params.velCtlPid.vyKp
  all.params.velCtlPid.vzKFF
  all.params.velCtlPid.vzKd
  all.params.velCtlPid.vzKi
  all.params.velCtlPid.vzKp
  cf_1.logs.pose.frequency.
  cf_1.params.commander.enHighLevel
  cf_1.params.cppm.angPitch
  cf_1.params.cppm.angRoll
  cf_1.params.cppm.ratePitch
  cf_1.params.cppm.rateRoll
  cf_1.params.cppm.rateYaw
  cf_1.params.crtpsrv.echoDelay
  cf_1.params.ctrlAtt.coll_fairness
  cf_1.params.ctrlAtt.mixing_factor
  cf_1.params.ctrlAtt.tau_rp
  cf_1.params.ctrlAtt.tau_xy
  cf_1.params.ctrlAtt.tau_z
  cf_1.params.ctrlAtt.zeta_xy
  cf_1.params.ctrlAtt.zeta_z
  cf_1.params.ctrlINDI.act_dyn_p
  cf_1.params.ctrlINDI.act_dyn_q
  cf_1.params.ctrlINDI.act_dyn_r
  cf_1.params.ctrlINDI.bound_ctrl_input
  cf_1.params.ctrlINDI.filt_cutoff
  cf_1.params.ctrlINDI.filt_cutoff_r
  cf_1.params.ctrlINDI.g1_p
  cf_1.params.ctrlINDI.g1_q
  cf_1.params.ctrlINDI.g1_r
  cf_1.params.ctrlINDI.g2
  cf_1.params.ctrlINDI.outerLoopActive
  cf_1.params.ctrlINDI.ref_err_p
  cf_1.params.ctrlINDI.ref_err_q
  cf_1.params.ctrlINDI.ref_err_r
  cf_1.params.ctrlINDI.ref_rate_p
  cf_1.params.ctrlINDI.ref_rate_q
  cf_1.params.ctrlINDI.ref_rate_r
  cf_1.params.ctrlINDI.thrust_threshold
  cf_1.params.ctrlMel.i_range_m_xy
  cf_1.params.ctrlMel.i_range_m_z
  cf_1.params.ctrlMel.i_range_xy
  cf_1.params.ctrlMel.i_range_z
  cf_1.params.ctrlMel.kR_xy
  cf_1.params.ctrlMel.kR_z
  cf_1.params.ctrlMel.kd_omega_rp
  cf_1.params.ctrlMel.kd_xy
  cf_1.params.ctrlMel.kd_z
  cf_1.params.ctrlMel.ki_m_xy
  cf_1.params.ctrlMel.ki_m_z
  cf_1.params.ctrlMel.ki_xy
  cf_1.params.ctrlMel.ki_z
  cf_1.params.ctrlMel.kp_xy
  cf_1.params.ctrlMel.kp_z
  cf_1.params.ctrlMel.kw_xy
  cf_1.params.ctrlMel.kw_z
  cf_1.params.ctrlMel.mass
  cf_1.params.ctrlMel.massThrust
  cf_1.params.firmware.modified
  cf_1.params.firmware.revision0
  cf_1.params.firmware.revision1
  cf_1.params.flightmode.althold
  cf_1.params.flightmode.posSet
  cf_1.params.flightmode.poshold
  cf_1.params.flightmode.stabModePitch
  cf_1.params.flightmode.stabModeRoll
  cf_1.params.flightmode.stabModeYaw
  cf_1.params.flightmode.yawMode
  cf_1.params.hlCommander.groupmask
  cf_1.params.hlCommander.vland
  cf_1.params.hlCommander.vtoff
  cf_1.params.imu_sensors.HMC5883L_SIM
  cf_1.params.imu_sensors.MS5611_SIM
  cf_1.params.imu_tests.HMC5883L_SIM
  cf_1.params.imu_tests.MPU6500_SIM
  cf_1.params.imu_tests.MS5611_SIM
  cf_1.params.kalman.initialX
  cf_1.params.kalman.initialY
  cf_1.params.kalman.initialYaw
  cf_1.params.kalman.initialZ
  cf_1.params.kalman.mNBaro
  cf_1.params.kalman.mNGyro_rollpitch
  cf_1.params.kalman.mNGyro_yaw
  cf_1.params.kalman.maxPos
  cf_1.params.kalman.maxVel
  cf_1.params.kalman.pNAcc_xy
  cf_1.params.kalman.pNAcc_z
  cf_1.params.kalman.pNAtt
  cf_1.params.kalman.pNPos
  cf_1.params.kalman.pNVel
  cf_1.params.kalman.resetEstimation
  cf_1.params.kalman.robustTdoa
  cf_1.params.kalman.robustTwr
  cf_1.params.locSrv.enLhAngleStream
  cf_1.params.locSrv.enRangeStreamFP32
  cf_1.params.locSrv.extPosStdDev
  cf_1.params.locSrv.extQuatStdDev
  cf_1.params.memTst.resetW
  cf_1.params.pid_attitude.attFiltCut
  cf_1.params.pid_attitude.attFiltEn
  cf_1.params.pid_attitude.pitch_kd
  cf_1.params.pid_attitude.pitch_kff
  cf_1.params.pid_attitude.pitch_ki
  cf_1.params.pid_attitude.pitch_kp
  cf_1.params.pid_attitude.roll_kd
  cf_1.params.pid_attitude.roll_kff
  cf_1.params.pid_attitude.roll_ki
  cf_1.params.pid_attitude.roll_kp
  cf_1.params.pid_attitude.yawMaxDelta
  cf_1.params.pid_attitude.yaw_kd
  cf_1.params.pid_attitude.yaw_kff
  cf_1.params.pid_attitude.yaw_ki
  cf_1.params.pid_attitude.yaw_kp
  cf_1.params.pid_rate.omxFiltCut
  cf_1.params.pid_rate.omyFiltCut
  cf_1.params.pid_rate.omzFiltCut
  cf_1.params.pid_rate.pitch_kd
  cf_1.params.pid_rate.pitch_kff
  cf_1.params.pid_rate.pitch_ki
  cf_1.params.pid_rate.pitch_kp
  cf_1.params.pid_rate.rateFiltEn
  cf_1.params.pid_rate.roll_kd
  cf_1.params.pid_rate.roll_kff
  cf_1.params.pid_rate.roll_ki
  cf_1.params.pid_rate.roll_kp
  cf_1.params.pid_rate.yaw_kd
  cf_1.params.pid_rate.yaw_kff
  cf_1.params.pid_rate.yaw_ki
  cf_1.params.pid_rate.yaw_kp
  cf_1.params.posCtlPid.pLimit
  cf_1.params.posCtlPid.rLimit
  cf_1.params.posCtlPid.thrustBase
  cf_1.params.posCtlPid.thrustMin
  cf_1.params.posCtlPid.xKd
  cf_1.params.posCtlPid.xKff
  cf_1.params.posCtlPid.xKi
  cf_1.params.posCtlPid.xKp
  cf_1.params.posCtlPid.xVelMax
  cf_1.params.posCtlPid.yKd
  cf_1.params.posCtlPid.yKff
  cf_1.params.posCtlPid.yKi
  cf_1.params.posCtlPid.yKp
  cf_1.params.posCtlPid.yVelMax
  cf_1.params.posCtlPid.zKd
  cf_1.params.posCtlPid.zKff
  cf_1.params.posCtlPid.zKi
  cf_1.params.posCtlPid.zKp
  cf_1.params.posCtlPid.zVelMax
  cf_1.params.posCtrlIndi.K_dxi_x
  cf_1.params.posCtrlIndi.K_dxi_y
  cf_1.params.posCtrlIndi.K_dxi_z
  cf_1.params.posCtrlIndi.K_xi_x
  cf_1.params.posCtrlIndi.K_xi_y
  cf_1.params.posCtrlIndi.K_xi_z
  cf_1.params.posCtrlIndi.pq_clamping
  cf_1.params.posEstAlt.estAlphaAsl
  cf_1.params.posEstAlt.estAlphaZr
  cf_1.params.posEstAlt.vAccDeadband
  cf_1.params.posEstAlt.velFactor
  cf_1.params.posEstAlt.velZAlpha
  cf_1.params.powerDist.idleThrust
  cf_1.params.quadSysId.armLength
  cf_1.params.quadSysId.pwmToThrustA
  cf_1.params.quadSysId.pwmToThrustB
  cf_1.params.quadSysId.thrustToTorque
  cf_1.params.sensfusion6.baseZacc
  cf_1.params.sensfusion6.ki
  cf_1.params.sensfusion6.kp
  cf_1.params.stabilizer.controller
  cf_1.params.stabilizer.estimator
  cf_1.params.stabilizer.stop
  cf_1.params.supervisor.infdmp
  cf_1.params.supervisor.landedTimeout
  cf_1.params.system.arm
  cf_1.params.system.assertInfo
  cf_1.params.system.doAssert
  cf_1.params.system.selftestPassed
  cf_1.params.system.storageReformat
  cf_1.params.system.storageStats
  cf_1.params.system.taskDump
  cf_1.params.system.testLogParam
  cf_1.params.ukf.baroNoise
  cf_1.params.ukf.procNoiseA_h
  cf_1.params.ukf.procNoiseA_z
  cf_1.params.ukf.procNoiseRate_h
  cf_1.params.ukf.procNoiseRate_z
  cf_1.params.ukf.procNoiseVel_h
  cf_1.params.ukf.procNoiseVel_z
  cf_1.params.ukf.qualityGateBaro
  cf_1.params.ukf.qualityGateFlow
  cf_1.params.ukf.qualityGateSweep
  cf_1.params.ukf.qualityGateTdoa
  cf_1.params.ukf.qualityGateTof
  cf_1.params.ukf.resetEstimation
  cf_1.params.ukf.sigmaInitAtt
  cf_1.params.ukf.sigmaInitPos_xy
  cf_1.params.ukf.sigmaInitPos_z
  cf_1.params.ukf.sigmaInitVel
  cf_1.params.ukf.ukfw0
  cf_1.params.ukf.useNavFilter
  cf_1.params.velCtlPid.vxKFF
  cf_1.params.velCtlPid.vxKd
  cf_1.params.velCtlPid.vxKi
  cf_1.params.velCtlPid.vxKp
  cf_1.params.velCtlPid.vyKFF
  cf_1.params.velCtlPid.vyKd
  cf_1.params.velCtlPid.vyKi
  cf_1.params.velCtlPid.vyKp
  cf_1.params.velCtlPid.vzKFF
  cf_1.params.velCtlPid.vzKd
  cf_1.params.velCtlPid.vzKi
  cf_1.params.velCtlPid.vzKp
  firmware_params.query_all_values_on_connect
  poses_qos_deadline
  robot_types.cf.battery.voltage_critical
  robot_types.cf.battery.voltage_warning
  robot_types.cf.big_quad
  robot_types.cf.firmware_logging.custom_topics.velocity.frequency
  robot_types.cf.firmware_logging.custom_topics.velocity.vars
  robot_types.cf.firmware_logging.default_topics.pose.frequency
  robot_types.cf.firmware_logging.enabled
  robot_types.cf.motion_capture.dynamics
  robot_types.cf.motion_capture.enabled
  robot_types.cf.motion_capture.marker
  robot_types.cf_mocap_deck.battery.voltage_critical
  robot_types.cf_mocap_deck.battery.voltage_warning
  robot_types.cf_mocap_deck.big_quad
  robot_types.cf_mocap_deck.motion_capture.dynamics
  robot_types.cf_mocap_deck.motion_capture.enabled
  robot_types.cf_mocap_deck.motion_capture.marker
  robot_types.cf_sim.big_quad
  robot_types.cf_sim.firmware_logging.custom_topics.velocity.frequency
  robot_types.cf_sim.firmware_logging.custom_topics.velocity.vars
  robot_types.cf_sim.firmware_logging.default_topics.pose.frequency
  robot_types.cf_sim.firmware_logging.enabled
  robot_types.cf_sim.motion_capture.enabled
  robots.cf_1.enabled
  robots.cf_1.initial_position
  robots.cf_1.type
  robots.cf_1.uri
  sim.backend
  sim.controller
  sim.max_dt
  sim.visualizations.blender.cf_cameras.cf231.calibration.rvec
  sim.visualizations.blender.cf_cameras.cf231.calibration.tvec
  sim.visualizations.blender.cf_cameras.cf5.calibration.rvec
  sim.visualizations.blender.cf_cameras.cf5.calibration.tvec
  sim.visualizations.blender.cycle_bg
  sim.visualizations.blender.enabled
  sim.visualizations.blender.fps
  sim.visualizations.pdf.enabled
  sim.visualizations.pdf.output_file
  sim.visualizations.record_states.enabled
  sim.visualizations.record_states.file_formats
  sim.visualizations.record_states.logging_time
  sim.visualizations.record_states.output_dir
  sim.visualizations.rviz.enabled
  use_sim_time
  warnings.frequency
  warnings.motion_capture.warning_if_rate_outside
/joy_node:
  autorepeat_rate
  coalesce_interval_ms
  deadzone
  device_id
  device_name
  qos_overrides./parameter_events.publisher.depth
  qos_overrides./parameter_events.publisher.durability
  qos_overrides./parameter_events.publisher.history
  qos_overrides./parameter_events.publisher.reliability
  sticky_buttons
  use_sim_time
Exception while calling service of node '/motion_capture_tracking': None
/teleop:
  auto_yaw_rate
  cmd_rpy.pitch.axis
  cmd_rpy.pitch.deadband
  cmd_rpy.pitch.max
  cmd_rpy.roll.axis
  cmd_rpy.roll.deadband
  cmd_rpy.roll.max
  cmd_rpy.thrust.axis
  cmd_rpy.thrust.deadband
  cmd_rpy.thrust.max
  cmd_rpy.yawrate.axis
  cmd_rpy.yawrate.deadband
  cmd_rpy.yawrate.max
  cmd_vel_world.x_limit
  cmd_vel_world.x_velocity.axis
  cmd_vel_world.x_velocity.deadband
  cmd_vel_world.x_velocity.max
  cmd_vel_world.y_limit
  cmd_vel_world.y_velocity.axis
  cmd_vel_world.y_velocity.deadband
  cmd_vel_world.y_velocity.max
  cmd_vel_world.yaw_velocity.axis
  cmd_vel_world.yaw_velocity.deadband
  cmd_vel_world.yaw_velocity.max
  cmd_vel_world.z_limit
  cmd_vel_world.z_velocity.axis
  cmd_vel_world.z_velocity.deadband
  cmd_vel_world.z_velocity.max
  frequency
  initial_position.x
  initial_position.y
  initial_position.z
  mode
  qos_overrides./parameter_events.publisher.depth
  qos_overrides./parameter_events.publisher.durability
  qos_overrides./parameter_events.publisher.history
  qos_overrides./parameter_events.publisher.reliability
  use_sim_time